<?xml version="1.0" encoding="UTF-8"?>
<!-- Generated by org.testng.reporters.JUnitXMLReporter -->
<testsuite ignored="0" hostname="Sam_Alzubaidi" failures="0" tests="11" name="API_Test_Execution" time="10.735" errors="0" timestamp="2023-10-03T20:02:42 EDT">
  <testcase classname="api_tests.Bejan_UserAPI_Tests" name="TestCase_1_NewUser" time="3.726"/>
  <testcase classname="api_tests.Bejan_UserAPI_Tests" name="TestCase_2_NewUser" time="1.058"/>
  <testcase classname="api_tests.Bejan_UserAPI_Tests" name="TestCase_4_Login" time="0.142"/>
  <testcase classname="api_tests.Bejan_UserAPI_Tests" name="TestCase_5_UpdateUser" time="0.256"/>
  <testcase classname="api_tests.Bejan_UserAPI_Tests" name="TestCase_5_logout" time="0.146"/>
  <testcase classname="api_tests.Bejan_UserAPI_Tests" name="TestCase_3_UserNotFound" time="0.178"/>
  <testcase classname="api_tests.CarterApiWithBejan" name="craterLogin" time="1.348"/>
  <testcase classname="api_tests.CarterApiWithBejan" name="ListAllCustomer" time="2.028"/>
  <testcase classname="api_tests.CarterApiWithBejan" name="newCustomer" time="0.736"/>
  <testcase classname="api_tests.CarterApiWithBejan" name="RetrieveCustomer" time="0.484"/>
  <testcase classname="api_tests.CarterApiWithBejan" name="Update_a_Customer" time="0.548"/>
</testsuite> <!-- API_Test_Execution -->
