<?xml version="1.0" encoding="UTF-8"?>
<!-- Generated by org.testng.reporters.JUnitXMLReporter -->
<testsuite ignored="3" hostname="Sam_Alzubaidi" failures="0" tests="2" name="Default test" time="3.3" errors="0" timestamp="2023-09-28T18:41:19 EDT">
  <testcase classname="api_tests.Bejan_UserAPI_Tests" name="TestCase_1_NewUser" time="2.416"/>
  <testcase classname="api_tests.Bejan_UserAPI_Tests" name="TestCase_5_logout" time="0.832"/>
  <testcase classname="api_tests.Bejan_UserAPI_Tests" name="TestCase_3_UserNotFound" time="0.0">
    <ignored/>
  </testcase> <!-- TestCase_3_UserNotFound -->
  <testcase classname="api_tests.Bejan_UserAPI_Tests" name="TestCase_2_NewUser" time="0.0">
    <ignored/>
  </testcase> <!-- TestCase_2_NewUser -->
  <testcase classname="api_tests.Bejan_UserAPI_Tests" name="TestCase_4_Login" time="0.0">
    <ignored/>
  </testcase> <!-- TestCase_4_Login -->
</testsuite> <!-- Default test -->
