<?xml version="1.0" encoding="UTF-8"?>
<!-- Generated by org.testng.reporters.JUnitXMLReporter -->
<testsuite ignored="0" hostname="Sam_Alzubaidi" failures="0" tests="5" name="Default test" time="8.342" errors="0" timestamp="2023-09-28T21:23:36 EDT">
  <testcase classname="api_tests.CarterApiWithBejan" name="craterLogin" time="4.183"/>
  <testcase classname="api_tests.CarterApiWithBejan" name="ListAllCustomer" time="2.094"/>
  <testcase classname="api_tests.CarterApiWithBejan" name="newCustomer" time="0.914"/>
  <testcase classname="api_tests.CarterApiWithBejan" name="RetrieveCustomer" time="0.412"/>
  <testcase classname="api_tests.CarterApiWithBejan" name="Update_a_Customer" time="0.67"/>
</testsuite> <!-- Default test -->
